<?xml version="1.0" encoding="UTF-8"?>
<robot generator="Robot 6.1.1 (Python 3.11.4 on win32)" generated="20231119 18:57:09.649" rpa="false" schemaversion="4">
<suite id="s1" name="Nasa Teste" source="C:\Users\Erika Santana\Desktop\teste-robot-nasa\nasa_teste.robot">
<test id="s1-t1" name="caso de teste 01 - Acessar a tela de &quot;Images&quot; da Nasa" line="8">
<kw name="Abrir o navegador" library="nasa_teste-resources" type="SETUP">
<kw name="Open Browser" library="SeleniumLibrary">
<arg>browser=chrome</arg>
<doc>Opens a new browser instance to the optional ``url``.</doc>
<msg timestamp="20231119 18:57:09.854" level="INFO">Opening browser 'chrome' to base url 'None'.</msg>
<status status="PASS" starttime="20231119 18:57:09.854" endtime="20231119 18:57:11.378"/>
</kw>
<kw name="Maximize Browser Window" library="SeleniumLibrary">
<doc>Maximizes current browser window.</doc>
<status status="PASS" starttime="20231119 18:57:11.379" endtime="20231119 18:57:11.497"/>
</kw>
<status status="PASS" starttime="20231119 18:57:09.854" endtime="20231119 18:57:11.497"/>
</kw>
<kw name="Dado que estou na tela inicio do site da &quot;Nasa&quot;" library="nasa_teste-resources">
<kw name="Go To" library="SeleniumLibrary">
<arg>url=${URL}</arg>
<doc>Navigates the current browser window to the provided ``url``.</doc>
<msg timestamp="20231119 18:57:11.499" level="INFO">Opening url 'https://www.nasa.gov/'</msg>
<status status="PASS" starttime="20231119 18:57:11.499" endtime="20231119 18:57:15.689"/>
</kw>
<kw name="Location Should Contain" library="SeleniumLibrary">
<arg>nasa.gov</arg>
<doc>Verifies that the current URL contains ``expected``.</doc>
<msg timestamp="20231119 18:57:16.562" level="INFO" html="true">&lt;/td&gt;&lt;/tr&gt;&lt;tr&gt;&lt;td colspan="3"&gt;&lt;a href="selenium-screenshot-11.png"&gt;&lt;img src="selenium-screenshot-11.png" width="800px"&gt;&lt;/a&gt;</msg>
<msg timestamp="20231119 18:57:16.562" level="FAIL">WebDriverException: Message: unknown error: result.webdriverValue.value list is missing or empty in Runtime.callFunctionOn response
  (Session info: chrome=119.0.6045.160)
Stacktrace:
	GetHandleVerifier [0x00007FF7AA9E8EF2+54786]
	(No symbol) [0x00007FF7AA955612]
	(No symbol) [0x00007FF7AA80A64B]
	(No symbol) [0x00007FF7AA80EEC1]
	(No symbol) [0x00007FF7AA81115F]
	(No symbol) [0x00007FF7AA811250]
	(No symbol) [0x00007FF7AA88723C]
	(No symbol) [0x00007FF7AA886E45]
	(No symbol) [0x00007FF7AA86BE6A]
	(No symbol) [0x00007FF7AA884D02]
	(No symbol) [0x00007FF7AA86BC43]
	(No symbol) [0x00007FF7AA840941]
	(No symbol) [0x00007FF7AA841B84]
	GetHandleVerifier [0x00007FF7AAD37F52+3524194]
	GetHandleVerifier [0x00007FF7AAD8D800+3874576]
	GetHandleVerifier [0x00007FF7AAD85D7F+3843215]
	GetHandleVerifier [0x00007FF7AAA85086+694166]
	(No symbol) [0x00007FF7AA960A88]
	(No symbol) [0x00007FF7AA95CA94]
	(No symbol) [0x00007FF7AA95CBC2]
	(No symbol) [0x00007FF7AA94CC83]
	BaseThreadInitThunk [0x00007FF900927344+20]
	RtlUserThreadStart [0x00007FF9012C26B1+33]
</msg>
<status status="FAIL" starttime="20231119 18:57:15.690" endtime="20231119 18:57:16.567"/>
</kw>
<status status="FAIL" starttime="20231119 18:57:11.498" endtime="20231119 18:57:16.567"/>
</kw>
<kw name="Fechar o navegador" library="nasa_teste-resources" type="TEARDOWN">
<kw name="Capture Page Screenshot" library="SeleniumLibrary">
<doc>Takes a screenshot of the current page and embeds it into a log file.</doc>
<msg timestamp="20231119 18:57:17.495" level="INFO" html="true">&lt;/td&gt;&lt;/tr&gt;&lt;tr&gt;&lt;td colspan="3"&gt;&lt;a href="selenium-screenshot-12.png"&gt;&lt;img src="selenium-screenshot-12.png" width="800px"&gt;&lt;/a&gt;</msg>
<status status="PASS" starttime="20231119 18:57:16.569" endtime="20231119 18:57:17.495"/>
</kw>
<kw name="Close Browser" library="SeleniumLibrary">
<doc>Closes the current browser.</doc>
<status status="PASS" starttime="20231119 18:57:17.495" endtime="20231119 18:57:19.687"/>
</kw>
<status status="PASS" starttime="20231119 18:57:16.569" endtime="20231119 18:57:19.687"/>
</kw>
<doc>Teste para visualizar a imagem do dia no site da Nasa</doc>
<tag>Teste01</tag>
<status status="FAIL" starttime="20231119 18:57:09.853" endtime="20231119 18:57:19.689">WebDriverException: Message: unknown error: result.webdriverValue.value list is missing or empty in Runtime.callFunctionOn response
  (Session info: chrome=119.0.6045.160)
Stacktrace:
	GetHandleVerifier [0x00007FF7AA9E8EF2+54786]
	(No symbol) [0x00007FF7AA955612]
	(No symbol) [0x00007FF7AA80A64B]
	(No symbol) [0x00007FF7AA80EEC1]
	(No symbol) [0x00007FF7AA81115F]
	(No symbol) [0x00007FF7AA811250]
	(No symbol) [0x00007FF7AA88723C]
	(No symbol) [0x00007FF7AA886E45]
	(No symbol) [0x00007FF7AA86BE6A]
	(No symbol) [0x00007FF7AA884D02]
	(No symbol) [0x00007FF7AA86BC43]
	(No symbol) [0x00007FF7AA840941]
	(No symbol) [0x00007FF7AA841B84]
	GetHandleVerifier [0x00007FF7AAD37F52+3524194]
	GetHandleVerifier [0x00007FF7AAD8D800+3874576]
	GetHandleVerifier [0x00007FF7AAD85D7F+3843215]
	GetHandleVerifier [0x00007FF7AAA85086+694166]
	(No symbol) [0x00007FF7AA960A88]
	(No symbol) [0x00007FF7AA95CA94]
	(No symbol) [0x00007FF7AA95CBC2]
	(No symbol) [0x00007FF7AA94CC83]
	BaseThreadInitThunk [0x00007FF900927344+20]
	RtlUserThreadStart [0x00007FF9012C26B1+33]
</status>
</test>
<doc>Essa suite testa o site da https://www.nasa.gov/</doc>
<status status="FAIL" starttime="20231119 18:57:09.651" endtime="20231119 18:57:19.700"/>
</suite>
<statistics>
<total>
<stat pass="0" fail="1" skip="0">All Tests</stat>
</total>
<tag>
<stat pass="0" fail="1" skip="0">Teste01</stat>
</tag>
<suite>
<stat pass="0" fail="1" skip="0" id="s1" name="Nasa Teste">Nasa Teste</stat>
</suite>
</statistics>
<errors>
</errors>
</robot>
